<?xml version="1.0" encoding="UTF-8"?>
<testsuite name="ArrayProgramTest" tests="1" skipped="0" failures="0" errors="0" timestamp="2024-04-02T13:24:26" hostname="LAPTOP-2TOGKFEP" time="0.002">
  <properties/>
  <testcase name="getMainOutput()" classname="ArrayProgramTest" time="0.002"/>
  <system-out><![CDATA[I
am
the
eggman

]]></system-out>
  <system-err><![CDATA[]]></system-err>
</testsuite>
