<?xml version="1.0" encoding="UTF-8"?>
<testsuite name="ArrayListProgramTest" tests="1" skipped="0" failures="0" errors="0" timestamp="2024-04-02T13:24:26" hostname="LAPTOP-2TOGKFEP" time="0.006">
  <properties/>
  <testcase name="getMainOutput()" classname="ArrayListProgramTest" time="0.006"/>
  <system-out><![CDATA[[I, the, eggman, We, are, the, middle, eggmen]

]]></system-out>
  <system-err><![CDATA[]]></system-err>
</testsuite>
