<?xml version="1.0" encoding="UTF-8"?>
<testsuite name="CountTest" tests="5" skipped="0" failures="0" errors="0" timestamp="2024-04-02T13:24:26" hostname="LAPTOP-2TOGKFEP" time="0.007">
  <properties/>
  <testcase name="testGeCount()" classname="CountTest" time="0.0"/>
  <testcase name="testObjectEqualsNeg()" classname="CountTest" time="0.001"/>
  <testcase name="testObjectEqualsPos()" classname="CountTest" time="0.001"/>
  <testcase name="testIncrementCount()" classname="CountTest" time="0.001"/>
  <testcase name="testGetObj()" classname="CountTest" time="0.002"/>
  <system-out><![CDATA[]]></system-out>
  <system-err><![CDATA[]]></system-err>
</testsuite>
